#-----------------------------------------------------------
# Vivado v2016.4 (64-bit)
# SW Build 1733598 on Wed Dec 14 22:35:39 MST 2016
# IP Build 1731160 on Wed Dec 14 23:47:21 MST 2016
# Start of session at: Mon Apr 17 20:38:47 2017
# Process ID: 372
# Current directory: E:/文件/大二下/电子技术基础数字部分/作业/17.4.12/161
# Command line: vivado.exe -gui_launcher_event rodinguilauncherevent2588 E:\文件\大二下\电子技术基础数字部分\作业\17.4.12\161\161.xpr
# Log file: E:/文件/大二下/电子技术基础数字部分/作业/17.4.12/161/vivado.log
# Journal file: E:/文件/大二下/电子技术基础数字部分/作业/17.4.12/161\vivado.jou
#-----------------------------------------------------------
start_gui
open_project E:/文件/大二下/电子技术基础数字部分/作业/17.4.12/161/161.xpr
INFO: [Project 1-313] Project file moved from 'C:/Users/Think/Desktop/161' since last save.
Scanning sources...
Finished scanning sources
INFO: [IP_Flow 19-234] Refreshing IP repositories
INFO: [IP_Flow 19-1704] No user IP repositories specified
INFO: [IP_Flow 19-2313] Loaded Vivado IP repository 'C:/Xilinx/Vivado/2016.4/data/ip'.
open_project: Time (s): cpu = 00:00:15 ; elapsed = 00:00:08 . Memory (MB): peak = 814.750 ; gain = 129.078
exit
INFO: [Common 17-206] Exiting Vivado at Mon Apr 17 20:41:37 2017...
