#-----------------------------------------------------------
# Vivado v2016.4 (64-bit)
# SW Build 1733598 on Wed Dec 14 22:35:39 MST 2016
# IP Build 1731160 on Wed Dec 14 23:47:21 MST 2016
# Start of session at: Tue May 09 15:49:36 2017
# Process ID: 10056
# Current directory: C:/Users/Think/Desktop/17.5.9/frequency_meter
# Command line: vivado.exe -gui_launcher_event rodinguilauncherevent8544 C:\Users\Think\Desktop\17.5.9\frequency_meter\frequency_meter.xpr
# Log file: C:/Users/Think/Desktop/17.5.9/frequency_meter/vivado.log
# Journal file: C:/Users/Think/Desktop/17.5.9/frequency_meter\vivado.jou
#-----------------------------------------------------------
start_gui
open_project C:/Users/Think/Desktop/17.5.9/frequency_meter/frequency_meter.xpr
Scanning sources...
Finished scanning sources
INFO: [IP_Flow 19-234] Refreshing IP repositories
INFO: [IP_Flow 19-1704] No user IP repositories specified
INFO: [IP_Flow 19-2313] Loaded Vivado IP repository 'C:/Xilinx/Vivado/2016.4/data/ip'.
open_project: Time (s): cpu = 00:00:18 ; elapsed = 00:00:10 . Memory (MB): peak = 807.082 ; gain = 129.066
close [ open C:/Users/Think/Desktop/17.5.9/frequency_meter/frequency_meter.srcs/sources_1/new/frequencycalculate.v w ]
add_files C:/Users/Think/Desktop/17.5.9/frequency_meter/frequency_meter.srcs/sources_1/new/frequencycalculate.v
close [ open C:/Users/Think/Desktop/17.5.9/frequency_meter/frequency_meter.srcs/sources_1/new/digital.v w ]
add_files C:/Users/Think/Desktop/17.5.9/frequency_meter/frequency_meter.srcs/sources_1/new/digital.v
close [ open C:/Users/Think/Desktop/17.5.9/frequency_meter/frequency_meter.srcs/sources_1/new/main.v w ]
add_files C:/Users/Think/Desktop/17.5.9/frequency_meter/frequency_meter.srcs/sources_1/new/main.v
set_property top main [current_fileset]
update_compile_order -fileset sim_1
open_project E:/文件/大二下/电子技术基础数字部分/作业/17.4.5/Clock/Clock.xpr
Scanning sources...
Finished scanning sources
INFO: [IP_Flow 19-234] Refreshing IP repositories
INFO: [IP_Flow 19-1704] No user IP repositories specified
INFO: [IP_Flow 19-2313] Loaded Vivado IP repository 'C:/Xilinx/Vivado/2016.4/data/ip'.
open_project: Time (s): cpu = 00:00:12 ; elapsed = 00:00:07 . Memory (MB): peak = 905.461 ; gain = 37.543
current_project frequency_meter
current_project Clock
close_project
reset_run synth_1
launch_runs impl_1 -to_step write_bitstream -jobs 4
[Tue May 09 16:46:19 2017] Launched synth_1...
Run output will be captured here: C:/Users/Think/Desktop/17.5.9/frequency_meter/frequency_meter.runs/synth_1/runme.log
[Tue May 09 16:46:19 2017] Launched impl_1...
Run output will be captured here: C:/Users/Think/Desktop/17.5.9/frequency_meter/frequency_meter.runs/impl_1/runme.log
reset_run synth_1
launch_runs impl_1 -to_step write_bitstream -jobs 4
[Tue May 09 16:52:01 2017] Launched synth_1...
Run output will be captured here: C:/Users/Think/Desktop/17.5.9/frequency_meter/frequency_meter.runs/synth_1/runme.log
[Tue May 09 16:52:01 2017] Launched impl_1...
Run output will be captured here: C:/Users/Think/Desktop/17.5.9/frequency_meter/frequency_meter.runs/impl_1/runme.log
reset_run synth_1
launch_runs impl_1 -to_step write_bitstream -jobs 4
[Tue May 09 16:53:09 2017] Launched synth_1...
Run output will be captured here: C:/Users/Think/Desktop/17.5.9/frequency_meter/frequency_meter.runs/synth_1/runme.log
[Tue May 09 16:53:09 2017] Launched impl_1...
Run output will be captured here: C:/Users/Think/Desktop/17.5.9/frequency_meter/frequency_meter.runs/impl_1/runme.log
reset_run synth_1
launch_runs impl_1 -to_step write_bitstream -jobs 4
[Tue May 09 17:02:59 2017] Launched synth_1...
Run output will be captured here: C:/Users/Think/Desktop/17.5.9/frequency_meter/frequency_meter.runs/synth_1/runme.log
[Tue May 09 17:02:59 2017] Launched impl_1...
Run output will be captured here: C:/Users/Think/Desktop/17.5.9/frequency_meter/frequency_meter.runs/impl_1/runme.log
open_hw
INFO: [Labtools 27-2285] Connecting to hw_server url TCP:localhost:3121
INFO: [Labtools 27-2222] Launching hw_server...
INFO: [Labtools 27-2221] Launch Output:

****** Xilinx hw_server v2016.4
  **** Build date : Dec 14 2016-22:58:11
    ** Copyright 1986-2016 Xilinx, Inc. All Rights Reserved.


ERROR: [Labtoolstcl 44-494] There is no active target available for server at TCP:localhost:3121.
 Targets(s) ", jsn-DLC9-Port_#0002.Hub_#0002" may be locked by another hw_server.
disconnect_hw_server localhost:3121
INFO: [Labtools 27-2285] Connecting to hw_server url TCP:localhost:3121
disconnect_hw_server localhost:3121
connect_hw_server -url localhost:3121
INFO: [Labtools 27-2285] Connecting to hw_server url TCP:localhost:3121
current_hw_target [get_hw_targets */xilinx_tcf/Xilinx/Port_#0002.Hub_#0002]
set_property PARAM.FREQUENCY 6000000 [get_hw_targets */xilinx_tcf/Xilinx/Port_#0002.Hub_#0002]
open_hw_target
INFO: [Labtoolstcl 44-466] Opening hw_target localhost:3121/xilinx_tcf/Xilinx/Port_#0002.Hub_#0002
set_property PROGRAM.FILE {C:/Users/Think/Desktop/17.5.9/frequency_meter/frequency_meter.runs/impl_1/main.bit} [lindex [get_hw_devices xc7a35t_0] 0]
current_hw_device [lindex [get_hw_devices xc7a35t_0] 0]
refresh_hw_device -update_hw_probes false [lindex [get_hw_devices xc7a35t_0] 0]
ERROR: [Labtools 27-2312] Device xc7a35t_0 is no longer available.
Check cable connectivity and that the target board is powered up then
use the disconnect_hw_server and connect_hw_server to re-initialize the hardware target.
Use open_hw_target to re-register the hardware device.
set_property PROBES.FILE {} [lindex [get_hw_devices xc7a35t_0] 0]
set_property PROGRAM.FILE {C:/Users/Think/Desktop/17.5.9/frequency_meter/frequency_meter.runs/impl_1/main.bit} [lindex [get_hw_devices xc7a35t_0] 0]
program_hw_devices [lindex [get_hw_devices xc7a35t_0] 0]
INFO: [Labtools 27-3164] End of startup status: HIGH
refresh_hw_device [lindex [get_hw_devices xc7a35t_0] 0]
INFO: [Labtools 27-1434] Device xc7a35t (JTAG device index = 0) is programmed with a design that has no supported debug core(s) in it.
WARNING: [Labtools 27-3123] The debug hub core was not detected at User Scan Chain 1 or 3.
Resolution: 
1. Make sure the clock connected to the debug hub (dbg_hub) core is a free running clock and is active OR
2. Manually launch hw_server with -e "set xsdb-user-bscan <C_USER_SCAN_CHAIN scan_chain_number>" to detect the debug hub at User Scan Chain of 2 or 4. To determine the user scan chain setting, open the implemented design and use: get_property C_USER_SCAN_CHAIN [get_debug_cores dbg_hub].
WARNING: [Labtoolstcl 44-130] No matching hw_ilas were found.
WARNING: [Labtoolstcl 44-130] No matching hw_ilas were found.
WARNING: [Labtoolstcl 44-130] No matching hw_ilas were found.
WARNING: [Labtoolstcl 44-130] No matching hw_ilas were found.
ERROR: [Labtools 27-2269] No devices detected on target localhost:3121/xilinx_tcf/Xilinx/Port_#0002.Hub_#0002.
Check cable connectivity and that the target board is powered up then
use the disconnect_hw_server and connect_hw_server to re-register this hardware target.
ERROR: [Labtools 27-2269] No devices detected on target localhost:3121/xilinx_tcf/Xilinx/Port_#0002.Hub_#0002.
Check cable connectivity and that the target board is powered up then
use the disconnect_hw_server and connect_hw_server to re-register this hardware target.
ERROR: [Labtoolstcl 44-513] HW Target shutdown. Closing target: localhost:3121/xilinx_tcf/Xilinx/Port_#0002.Hub_#0002
reset_run synth_1
launch_runs impl_1 -to_step write_bitstream -jobs 4
[Tue May 09 17:18:47 2017] Launched synth_1...
Run output will be captured here: C:/Users/Think/Desktop/17.5.9/frequency_meter/frequency_meter.runs/synth_1/runme.log
[Tue May 09 17:18:47 2017] Launched impl_1...
Run output will be captured here: C:/Users/Think/Desktop/17.5.9/frequency_meter/frequency_meter.runs/impl_1/runme.log
disconnect_hw_server localhost:3121
INFO: [Labtools 27-2285] Connecting to hw_server url TCP:localhost:3121
ERROR: [Labtoolstcl 44-494] There is no active target available for server at TCP:localhost:3121.
 Targets(s) ", jsn-DLC9-Port_#0002.Hub_#0002jsn1" may be locked by another hw_server.
disconnect_hw_server localhost:3121
INFO: [Labtools 27-2285] Connecting to hw_server url TCP:localhost:3121
ERROR: [Labtoolstcl 44-494] There is no active target available for server at TCP:localhost:3121.
 Targets(s) ", jsn-DLC9-Port_#0002.Hub_#0002jsn1" may be locked by another hw_server.
disconnect_hw_server localhost:3121
INFO: [Labtools 27-2285] Connecting to hw_server url TCP:localhost:3121
ERROR: [Labtoolstcl 44-494] There is no active target available for server at TCP:localhost:3121.
 Targets(s) ", jsn-DLC9-Port_#0002.Hub_#0002jsn1" may be locked by another hw_server.
disconnect_hw_server localhost:3121
INFO: [Labtools 27-2285] Connecting to hw_server url TCP:localhost:3121
disconnect_hw_server localhost:3121
connect_hw_server -url localhost:3121
INFO: [Labtools 27-2285] Connecting to hw_server url TCP:localhost:3121
current_hw_target [get_hw_targets */xilinx_tcf/Xilinx/Port_#0002.Hub_#0002]
set_property PARAM.FREQUENCY 6000000 [get_hw_targets */xilinx_tcf/Xilinx/Port_#0002.Hub_#0002]
open_hw_target
INFO: [Labtoolstcl 44-466] Opening hw_target localhost:3121/xilinx_tcf/Xilinx/Port_#0002.Hub_#0002
set_property PROGRAM.FILE {C:/Users/Think/Desktop/17.5.9/frequency_meter/frequency_meter.runs/impl_1/main.bit} [lindex [get_hw_devices xc7a35t_0] 0]
current_hw_device [lindex [get_hw_devices xc7a35t_0] 0]
refresh_hw_device -update_hw_probes false [lindex [get_hw_devices xc7a35t_0] 0]
INFO: [Labtools 27-1434] Device xc7a35t (JTAG device index = 0) is programmed with a design that has no supported debug core(s) in it.
WARNING: [Labtools 27-3123] The debug hub core was not detected at User Scan Chain 1 or 3.
Resolution: 
1. Make sure the clock connected to the debug hub (dbg_hub) core is a free running clock and is active OR
2. Manually launch hw_server with -e "set xsdb-user-bscan <C_USER_SCAN_CHAIN scan_chain_number>" to detect the debug hub at User Scan Chain of 2 or 4. To determine the user scan chain setting, open the implemented design and use: get_property C_USER_SCAN_CHAIN [get_debug_cores dbg_hub].
set_property PROBES.FILE {} [lindex [get_hw_devices xc7a35t_0] 0]
set_property PROGRAM.FILE {C:/Users/Think/Desktop/17.5.9/frequency_meter/frequency_meter.runs/impl_1/main.bit} [lindex [get_hw_devices xc7a35t_0] 0]
program_hw_devices [lindex [get_hw_devices xc7a35t_0] 0]
INFO: [Labtools 27-3164] End of startup status: HIGH
refresh_hw_device [lindex [get_hw_devices xc7a35t_0] 0]
INFO: [Labtools 27-1434] Device xc7a35t (JTAG device index = 0) is programmed with a design that has no supported debug core(s) in it.
WARNING: [Labtools 27-3123] The debug hub core was not detected at User Scan Chain 1 or 3.
Resolution: 
1. Make sure the clock connected to the debug hub (dbg_hub) core is a free running clock and is active OR
2. Manually launch hw_server with -e "set xsdb-user-bscan <C_USER_SCAN_CHAIN scan_chain_number>" to detect the debug hub at User Scan Chain of 2 or 4. To determine the user scan chain setting, open the implemented design and use: get_property C_USER_SCAN_CHAIN [get_debug_cores dbg_hub].
WARNING: [Labtoolstcl 44-130] No matching hw_ilas were found.
WARNING: [Labtoolstcl 44-130] No matching hw_ilas were found.
WARNING: [Labtoolstcl 44-130] No matching hw_ilas were found.
WARNING: [Labtoolstcl 44-130] No matching hw_ilas were found.
ERROR: [Labtools 27-2269] No devices detected on target localhost:3121/xilinx_tcf/Xilinx/Port_#0002.Hub_#0002.
Check cable connectivity and that the target board is powered up then
use the disconnect_hw_server and connect_hw_server to re-register this hardware target.
ERROR: [Labtoolstcl 44-513] HW Target shutdown. Closing target: localhost:3121/xilinx_tcf/Xilinx/Port_#0002.Hub_#0002
exit
INFO: [Common 17-206] Exiting Vivado at Tue May 09 17:27:01 2017...
