#-----------------------------------------------------------
# Vivado v2016.4 (64-bit)
# SW Build 1733598 on Wed Dec 14 22:35:39 MST 2016
# IP Build 1731160 on Wed Dec 14 23:47:21 MST 2016
# Start of session at: Tue May 23 14:50:33 2017
# Process ID: 1260
# Current directory: E:/文件/大二下/电子技术基础数字部分/作业/17.5.9/frequency_meter
# Command line: vivado.exe -gui_launcher_event rodinguilauncherevent916 E:\文件\大二下\电子技术基础数字部分\作业\17.5.9\frequency_meter\frequency_meter.xpr
# Log file: E:/文件/大二下/电子技术基础数字部分/作业/17.5.9/frequency_meter/vivado.log
# Journal file: E:/文件/大二下/电子技术基础数字部分/作业/17.5.9/frequency_meter\vivado.jou
#-----------------------------------------------------------
start_gui
open_project E:/文件/大二下/电子技术基础数字部分/作业/17.5.9/frequency_meter/frequency_meter.xpr
INFO: [Project 1-313] Project file moved from 'C:/Users/Think/Desktop/17.5.9/frequency_meter' since last save.
Scanning sources...
Finished scanning sources
INFO: [IP_Flow 19-234] Refreshing IP repositories
INFO: [IP_Flow 19-1704] No user IP repositories specified
INFO: [IP_Flow 19-2313] Loaded Vivado IP repository 'C:/Xilinx/Vivado/2016.4/data/ip'.
open_project: Time (s): cpu = 00:00:19 ; elapsed = 00:00:09 . Memory (MB): peak = 820.008 ; gain = 139.414
exit
INFO: [Common 17-206] Exiting Vivado at Tue May 23 14:51:29 2017...
