#-----------------------------------------------------------
# Vivado v2016.4 (64-bit)
# SW Build 1733598 on Wed Dec 14 22:35:39 MST 2016
# IP Build 1731160 on Wed Dec 14 23:47:21 MST 2016
# Start of session at: Tue May 09 18:15:46 2017
# Process ID: 2756
# Current directory: C:/Users/Think/Desktop/17.5.9/frequency_meter
# Command line: vivado.exe -gui_launcher_event rodinguilauncherevent11688 C:\Users\Think\Desktop\17.5.9\frequency_meter\frequency_meter.xpr
# Log file: C:/Users/Think/Desktop/17.5.9/frequency_meter/vivado.log
# Journal file: C:/Users/Think/Desktop/17.5.9/frequency_meter\vivado.jou
#-----------------------------------------------------------
start_gui
open_project C:/Users/Think/Desktop/17.5.9/frequency_meter/frequency_meter.xpr
Scanning sources...
Finished scanning sources
INFO: [IP_Flow 19-234] Refreshing IP repositories
INFO: [IP_Flow 19-1704] No user IP repositories specified
INFO: [IP_Flow 19-2313] Loaded Vivado IP repository 'C:/Xilinx/Vivado/2016.4/data/ip'.
open_project: Time (s): cpu = 00:00:19 ; elapsed = 00:00:10 . Memory (MB): peak = 816.301 ; gain = 158.508
reset_run synth_1
launch_runs impl_1 -to_step write_bitstream -jobs 4
[Tue May 09 18:19:15 2017] Launched synth_1...
Run output will be captured here: C:/Users/Think/Desktop/17.5.9/frequency_meter/frequency_meter.runs/synth_1/runme.log
[Tue May 09 18:19:15 2017] Launched impl_1...
Run output will be captured here: C:/Users/Think/Desktop/17.5.9/frequency_meter/frequency_meter.runs/impl_1/runme.log
open_hw
INFO: [Labtools 27-2285] Connecting to hw_server url TCP:localhost:3121
INFO: [Labtools 27-2222] Launching hw_server...
INFO: [Labtools 27-2221] Launch Output:

****** Xilinx hw_server v2016.4
  **** Build date : Dec 14 2016-22:58:11
    ** Copyright 1986-2016 Xilinx, Inc. All Rights Reserved.


ERROR: [Labtoolstcl 44-494] There is no active target available for server at TCP:localhost:3121.
 Targets(s) ", jsn-DLC9-Port_#0002.Hub_#0002" may be locked by another hw_server.
disconnect_hw_server localhost:3121
INFO: [Labtools 27-2285] Connecting to hw_server url TCP:localhost:3121
ERROR: [Labtoolstcl 44-494] There is no active target available for server at TCP:localhost:3121.
 Targets(s) ", jsn-DLC9-Port_#0002.Hub_#0002jsn1" may be locked by another hw_server.
disconnect_hw_server localhost:3121
INFO: [Labtools 27-2285] Connecting to hw_server url TCP:localhost:3121
disconnect_hw_server localhost:3121
connect_hw_server -url localhost:3121
INFO: [Labtools 27-2285] Connecting to hw_server url TCP:localhost:3121
current_hw_target [get_hw_targets */xilinx_tcf/Xilinx/Port_#0002.Hub_#0002]
set_property PARAM.FREQUENCY 6000000 [get_hw_targets */xilinx_tcf/Xilinx/Port_#0002.Hub_#0002]
open_hw_target
INFO: [Labtoolstcl 44-466] Opening hw_target localhost:3121/xilinx_tcf/Xilinx/Port_#0002.Hub_#0002
set_property PROGRAM.FILE {C:/Users/Think/Desktop/17.5.9/frequency_meter/frequency_meter.runs/impl_1/main.bit} [lindex [get_hw_devices xc7a35t_0] 0]
current_hw_device [lindex [get_hw_devices xc7a35t_0] 0]
refresh_hw_device -update_hw_probes false [lindex [get_hw_devices xc7a35t_0] 0]
INFO: [Labtools 27-1434] Device xc7a35t (JTAG device index = 0) is programmed with a design that has no supported debug core(s) in it.
WARNING: [Labtools 27-3123] The debug hub core was not detected at User Scan Chain 1 or 3.
Resolution: 
1. Make sure the clock connected to the debug hub (dbg_hub) core is a free running clock and is active OR
2. Manually launch hw_server with -e "set xsdb-user-bscan <C_USER_SCAN_CHAIN scan_chain_number>" to detect the debug hub at User Scan Chain of 2 or 4. To determine the user scan chain setting, open the implemented design and use: get_property C_USER_SCAN_CHAIN [get_debug_cores dbg_hub].
set_property PROBES.FILE {} [lindex [get_hw_devices xc7a35t_0] 0]
set_property PROGRAM.FILE {C:/Users/Think/Desktop/17.5.9/frequency_meter/frequency_meter.runs/impl_1/main.bit} [lindex [get_hw_devices xc7a35t_0] 0]
program_hw_devices [lindex [get_hw_devices xc7a35t_0] 0]
INFO: [Labtools 27-3164] End of startup status: HIGH
refresh_hw_device [lindex [get_hw_devices xc7a35t_0] 0]
INFO: [Labtools 27-1434] Device xc7a35t (JTAG device index = 0) is programmed with a design that has no supported debug core(s) in it.
WARNING: [Labtools 27-3123] The debug hub core was not detected at User Scan Chain 1 or 3.
Resolution: 
1. Make sure the clock connected to the debug hub (dbg_hub) core is a free running clock and is active OR
2. Manually launch hw_server with -e "set xsdb-user-bscan <C_USER_SCAN_CHAIN scan_chain_number>" to detect the debug hub at User Scan Chain of 2 or 4. To determine the user scan chain setting, open the implemented design and use: get_property C_USER_SCAN_CHAIN [get_debug_cores dbg_hub].
WARNING: [Labtoolstcl 44-130] No matching hw_ilas were found.
WARNING: [Labtoolstcl 44-130] No matching hw_ilas were found.
WARNING: [Labtoolstcl 44-130] No matching hw_ilas were found.
WARNING: [Labtoolstcl 44-130] No matching hw_ilas were found.
ERROR: [Labtools 27-2269] No devices detected on target localhost:3121/xilinx_tcf/Xilinx/Port_#0002.Hub_#0002.
Check cable connectivity and that the target board is powered up then
use the disconnect_hw_server and connect_hw_server to re-register this hardware target.
ERROR: [Labtoolstcl 44-513] HW Target shutdown. Closing target: localhost:3121/xilinx_tcf/Xilinx/Port_#0002.Hub_#0002
reset_run synth_1
launch_runs impl_1 -to_step write_bitstream -jobs 4
[Tue May 09 18:32:21 2017] Launched synth_1...
Run output will be captured here: C:/Users/Think/Desktop/17.5.9/frequency_meter/frequency_meter.runs/synth_1/runme.log
[Tue May 09 18:32:21 2017] Launched impl_1...
Run output will be captured here: C:/Users/Think/Desktop/17.5.9/frequency_meter/frequency_meter.runs/impl_1/runme.log
disconnect_hw_server localhost:3121
INFO: [Labtools 27-2285] Connecting to hw_server url TCP:localhost:3121
ERROR: [Labtoolstcl 44-494] There is no active target available for server at TCP:localhost:3121.
 Targets(s) ", jsn-DLC9-Port_#0002.Hub_#0002jsn1" may be locked by another hw_server.
disconnect_hw_server localhost:3121
INFO: [Labtools 27-2285] Connecting to hw_server url TCP:localhost:3121
ERROR: [Labtoolstcl 44-494] There is no active target available for server at TCP:localhost:3121.
 Targets(s) ", jsn-DLC9-Port_#0002.Hub_#0002jsn1" may be locked by another hw_server.
disconnect_hw_server localhost:3121
INFO: [Labtools 27-2285] Connecting to hw_server url TCP:localhost:3121
ERROR: [Labtoolstcl 44-494] There is no active target available for server at TCP:localhost:3121.
 Targets(s) ", jsn-DLC9-Port_#0002.Hub_#0002jsn1" may be locked by another hw_server.
disconnect_hw_server localhost:3121
INFO: [Labtools 27-2285] Connecting to hw_server url TCP:localhost:3121
connect_hw_server: Time (s): cpu = 00:00:00 ; elapsed = 00:00:06 . Memory (MB): peak = 936.207 ; gain = 0.000
disconnect_hw_server localhost:3121
connect_hw_server -url localhost:3121
INFO: [Labtools 27-2285] Connecting to hw_server url TCP:localhost:3121
current_hw_target [get_hw_targets */xilinx_tcf/Xilinx/Port_#0002.Hub_#0002]
set_property PARAM.FREQUENCY 6000000 [get_hw_targets */xilinx_tcf/Xilinx/Port_#0002.Hub_#0002]
open_hw_target
INFO: [Labtoolstcl 44-466] Opening hw_target localhost:3121/xilinx_tcf/Xilinx/Port_#0002.Hub_#0002
set_property PROGRAM.FILE {C:/Users/Think/Desktop/17.5.9/frequency_meter/frequency_meter.runs/impl_1/main.bit} [lindex [get_hw_devices xc7a35t_0] 0]
current_hw_device [lindex [get_hw_devices xc7a35t_0] 0]
refresh_hw_device -update_hw_probes false [lindex [get_hw_devices xc7a35t_0] 0]
INFO: [Labtools 27-1434] Device xc7a35t (JTAG device index = 0) is programmed with a design that has no supported debug core(s) in it.
WARNING: [Labtools 27-3123] The debug hub core was not detected at User Scan Chain 1 or 3.
Resolution: 
1. Make sure the clock connected to the debug hub (dbg_hub) core is a free running clock and is active OR
2. Manually launch hw_server with -e "set xsdb-user-bscan <C_USER_SCAN_CHAIN scan_chain_number>" to detect the debug hub at User Scan Chain of 2 or 4. To determine the user scan chain setting, open the implemented design and use: get_property C_USER_SCAN_CHAIN [get_debug_cores dbg_hub].
set_property PROBES.FILE {} [lindex [get_hw_devices xc7a35t_0] 0]
set_property PROGRAM.FILE {C:/Users/Think/Desktop/17.5.9/frequency_meter/frequency_meter.runs/impl_1/main.bit} [lindex [get_hw_devices xc7a35t_0] 0]
program_hw_devices [lindex [get_hw_devices xc7a35t_0] 0]
INFO: [Labtools 27-3164] End of startup status: HIGH
refresh_hw_device [lindex [get_hw_devices xc7a35t_0] 0]
INFO: [Labtools 27-1434] Device xc7a35t (JTAG device index = 0) is programmed with a design that has no supported debug core(s) in it.
WARNING: [Labtools 27-3123] The debug hub core was not detected at User Scan Chain 1 or 3.
Resolution: 
1. Make sure the clock connected to the debug hub (dbg_hub) core is a free running clock and is active OR
2. Manually launch hw_server with -e "set xsdb-user-bscan <C_USER_SCAN_CHAIN scan_chain_number>" to detect the debug hub at User Scan Chain of 2 or 4. To determine the user scan chain setting, open the implemented design and use: get_property C_USER_SCAN_CHAIN [get_debug_cores dbg_hub].
WARNING: [Labtoolstcl 44-130] No matching hw_ilas were found.
WARNING: [Labtoolstcl 44-130] No matching hw_ilas were found.
WARNING: [Labtoolstcl 44-130] No matching hw_ilas were found.
WARNING: [Labtoolstcl 44-130] No matching hw_ilas were found.
ERROR: [filemgmt 56-23] Illegal GUI graph access between updates.
ERROR: [filemgmt 20-1788] Illegal access of HADGNode between graph update events.
ERROR: [filemgmt 20-1788] Illegal access of HADGNode between graph update events.
ERROR: [filemgmt 56-23] Illegal GUI graph access between updates.
reset_run synth_1
launch_runs impl_1 -to_step write_bitstream -jobs 4
[Tue May 09 19:00:17 2017] Launched synth_1...
Run output will be captured here: C:/Users/Think/Desktop/17.5.9/frequency_meter/frequency_meter.runs/synth_1/runme.log
[Tue May 09 19:00:17 2017] Launched impl_1...
Run output will be captured here: C:/Users/Think/Desktop/17.5.9/frequency_meter/frequency_meter.runs/impl_1/runme.log
reset_run synth_1
launch_runs impl_1 -to_step write_bitstream -jobs 4
[Tue May 09 19:01:32 2017] Launched synth_1...
Run output will be captured here: C:/Users/Think/Desktop/17.5.9/frequency_meter/frequency_meter.runs/synth_1/runme.log
[Tue May 09 19:01:32 2017] Launched impl_1...
Run output will be captured here: C:/Users/Think/Desktop/17.5.9/frequency_meter/frequency_meter.runs/impl_1/runme.log
set_property PROBES.FILE {} [lindex [get_hw_devices xc7a35t_0] 0]
set_property PROGRAM.FILE {C:/Users/Think/Desktop/17.5.9/frequency_meter/frequency_meter.runs/impl_1/main.bit} [lindex [get_hw_devices xc7a35t_0] 0]
program_hw_devices [lindex [get_hw_devices xc7a35t_0] 0]
INFO: [Labtools 27-3164] End of startup status: HIGH
refresh_hw_device [lindex [get_hw_devices xc7a35t_0] 0]
INFO: [Labtools 27-1434] Device xc7a35t (JTAG device index = 0) is programmed with a design that has no supported debug core(s) in it.
WARNING: [Labtools 27-3123] The debug hub core was not detected at User Scan Chain 1 or 3.
Resolution: 
1. Make sure the clock connected to the debug hub (dbg_hub) core is a free running clock and is active OR
2. Manually launch hw_server with -e "set xsdb-user-bscan <C_USER_SCAN_CHAIN scan_chain_number>" to detect the debug hub at User Scan Chain of 2 or 4. To determine the user scan chain setting, open the implemented design and use: get_property C_USER_SCAN_CHAIN [get_debug_cores dbg_hub].
WARNING: [Labtoolstcl 44-130] No matching hw_ilas were found.
WARNING: [Labtoolstcl 44-130] No matching hw_ilas were found.
WARNING: [Labtoolstcl 44-130] No matching hw_ilas were found.
WARNING: [Labtoolstcl 44-130] No matching hw_ilas were found.
ERROR: [Labtools 27-2269] No devices detected on target localhost:3121/xilinx_tcf/Xilinx/Port_#0002.Hub_#0002.
Check cable connectivity and that the target board is powered up then
use the disconnect_hw_server and connect_hw_server to re-register this hardware target.
ERROR: [Labtoolstcl 44-513] HW Target shutdown. Closing target: localhost:3121/xilinx_tcf/Xilinx/Port_#0002.Hub_#0002
INFO: [Labtoolstcl 44-466] Opening hw_target localhost:3121/xilinx_tcf/Xilinx/Port_#0002.Hub_#0002
INFO: [Labtools 27-1434] Device xc7a35t (JTAG device index = 0) is programmed with a design that has no supported debug core(s) in it.
WARNING: [Labtools 27-3123] The debug hub core was not detected at User Scan Chain 1 or 3.
Resolution: 
1. Make sure the clock connected to the debug hub (dbg_hub) core is a free running clock and is active OR
2. Manually launch hw_server with -e "set xsdb-user-bscan <C_USER_SCAN_CHAIN scan_chain_number>" to detect the debug hub at User Scan Chain of 2 or 4. To determine the user scan chain setting, open the implemented design and use: get_property C_USER_SCAN_CHAIN [get_debug_cores dbg_hub].
WARNING: [Labtoolstcl 44-130] No matching hw_ilas were found.
WARNING: [Labtoolstcl 44-130] No matching hw_ilas were found.
WARNING: [Labtoolstcl 44-130] No matching hw_ilas were found.
WARNING: [Labtoolstcl 44-130] No matching hw_ilas were found.
ERROR: [Labtools 27-2269] No devices detected on target localhost:3121/xilinx_tcf/Xilinx/Port_#0002.Hub_#0002.
Check cable connectivity and that the target board is powered up then
use the disconnect_hw_server and connect_hw_server to re-register this hardware target.
ERROR: [Labtoolstcl 44-513] HW Target shutdown. Closing target: localhost:3121/xilinx_tcf/Xilinx/Port_#0002.Hub_#0002
INFO: [Labtoolstcl 44-466] Opening hw_target localhost:3121/xilinx_tcf/Xilinx/Port_#0002.Hub_#0002
INFO: [Labtools 27-1434] Device xc7a35t (JTAG device index = 0) is programmed with a design that has no supported debug core(s) in it.
WARNING: [Labtools 27-3123] The debug hub core was not detected at User Scan Chain 1 or 3.
Resolution: 
1. Make sure the clock connected to the debug hub (dbg_hub) core is a free running clock and is active OR
2. Manually launch hw_server with -e "set xsdb-user-bscan <C_USER_SCAN_CHAIN scan_chain_number>" to detect the debug hub at User Scan Chain of 2 or 4. To determine the user scan chain setting, open the implemented design and use: get_property C_USER_SCAN_CHAIN [get_debug_cores dbg_hub].
WARNING: [Labtoolstcl 44-130] No matching hw_ilas were found.
WARNING: [Labtoolstcl 44-130] No matching hw_ilas were found.
WARNING: [Labtoolstcl 44-130] No matching hw_ilas were found.
WARNING: [Labtoolstcl 44-130] No matching hw_ilas were found.
ERROR: [Labtools 27-2269] No devices detected on target localhost:3121/xilinx_tcf/Xilinx/Port_#0002.Hub_#0002.
Check cable connectivity and that the target board is powered up then
use the disconnect_hw_server and connect_hw_server to re-register this hardware target.
ERROR: [Labtoolstcl 44-513] HW Target shutdown. Closing target: localhost:3121/xilinx_tcf/Xilinx/Port_#0002.Hub_#0002
INFO: [Labtoolstcl 44-466] Opening hw_target localhost:3121/xilinx_tcf/Xilinx/Port_#0002.Hub_#0002
INFO: [Labtools 27-1434] Device xc7a35t (JTAG device index = 0) is programmed with a design that has no supported debug core(s) in it.
WARNING: [Labtools 27-3123] The debug hub core was not detected at User Scan Chain 1 or 3.
Resolution: 
1. Make sure the clock connected to the debug hub (dbg_hub) core is a free running clock and is active OR
2. Manually launch hw_server with -e "set xsdb-user-bscan <C_USER_SCAN_CHAIN scan_chain_number>" to detect the debug hub at User Scan Chain of 2 or 4. To determine the user scan chain setting, open the implemented design and use: get_property C_USER_SCAN_CHAIN [get_debug_cores dbg_hub].
WARNING: [Labtoolstcl 44-130] No matching hw_ilas were found.
WARNING: [Labtoolstcl 44-130] No matching hw_ilas were found.
WARNING: [Labtoolstcl 44-130] No matching hw_ilas were found.
WARNING: [Labtoolstcl 44-130] No matching hw_ilas were found.
ERROR: [Labtools 27-2269] No devices detected on target localhost:3121/xilinx_tcf/Xilinx/Port_#0002.Hub_#0002.
Check cable connectivity and that the target board is powered up then
use the disconnect_hw_server and connect_hw_server to re-register this hardware target.
ERROR: [Labtoolstcl 44-513] HW Target shutdown. Closing target: localhost:3121/xilinx_tcf/Xilinx/Port_#0002.Hub_#0002
close_hw
file mkdir C:/Users/Think/Desktop/17.5.9/frequency_meter/frequency_meter.srcs/sim_1/new
set_property SOURCE_SET sources_1 [get_filesets sim_1]
close [ open C:/Users/Think/Desktop/17.5.9/frequency_meter/frequency_meter.srcs/sim_1/new/test.v w ]
add_files -fileset sim_1 C:/Users/Think/Desktop/17.5.9/frequency_meter/frequency_meter.srcs/sim_1/new/test.v
launch_simulation
INFO: [SIM-utils-51] Simulation object is 'sim_1'
INFO: [USF-XSim-37] Inspecting design source files for 'main' in fileset 'sim_1'...
INFO: [USF-XSim-97] Finding global include files...
INFO: [USF-XSim-98] Fetching design files from 'sim_1'...
INFO: [USF-XSim-2] XSim::Compile design
INFO: [USF-XSim-61] Executing 'COMPILE and ANALYZE' step in 'C:/Users/Think/Desktop/17.5.9/frequency_meter/frequency_meter.sim/sim_1/behav'
"xvlog -m64 --relax -prj main_vlog.prj"
INFO: [VRFC 10-2263] Analyzing Verilog file "C:/Users/Think/Desktop/17.5.9/frequency_meter/frequency_meter.srcs/sources_1/new/frequencybcd.v" into library xil_defaultlib
INFO: [VRFC 10-311] analyzing module frequencybcd
INFO: [VRFC 10-2263] Analyzing Verilog file "C:/Users/Think/Desktop/17.5.9/frequency_meter/frequency_meter.srcs/sources_1/new/digital.v" into library xil_defaultlib
INFO: [VRFC 10-311] analyzing module digitalshow
INFO: [VRFC 10-2263] Analyzing Verilog file "C:/Users/Think/Desktop/17.5.9/frequency_meter/frequency_meter.srcs/sources_1/new/frequencycalculate.v" into library xil_defaultlib
INFO: [VRFC 10-311] analyzing module frequencycalculate
INFO: [VRFC 10-2263] Analyzing Verilog file "C:/Users/Think/Desktop/17.5.9/frequency_meter/frequency_meter.srcs/sources_1/new/main.v" into library xil_defaultlib
INFO: [VRFC 10-311] analyzing module main
INFO: [VRFC 10-2263] Analyzing Verilog file "C:/Users/Think/Desktop/17.5.9/frequency_meter/frequency_meter.sim/sim_1/behav/glbl.v" into library xil_defaultlib
INFO: [VRFC 10-311] analyzing module glbl
run_program: Time (s): cpu = 00:00:01 ; elapsed = 00:00:05 . Memory (MB): peak = 1018.430 ; gain = 0.000
INFO: [USF-XSim-69] 'compile' step finished in '5' seconds
INFO: [USF-XSim-3] XSim::Elaborate design
INFO: [USF-XSim-61] Executing 'ELABORATE' step in 'C:/Users/Think/Desktop/17.5.9/frequency_meter/frequency_meter.sim/sim_1/behav'
Vivado Simulator 2016.4
Copyright 1986-1999, 2001-2016 Xilinx, Inc. All Rights Reserved.
Running: C:/Xilinx/Vivado/2016.4/bin/unwrapped/win64.o/xelab.exe -wto 4bc802d34af54e218c5411e223dc3e2c --debug typical --relax --mt 2 -L xil_defaultlib -L unisims_ver -L unimacro_ver -L secureip --snapshot main_behav xil_defaultlib.main xil_defaultlib.glbl -log elaborate.log 
Using 2 slave threads.
Starting static elaboration
Completed static elaboration
Starting simulation data flow analysis
Completed simulation data flow analysis
Time Resolution for simulation is 1ps
Compiling module xil_defaultlib.frequencybcd
Compiling module xil_defaultlib.frequencycalculate
Compiling module xil_defaultlib.digitalshow
Compiling module xil_defaultlib.main
Compiling module xil_defaultlib.glbl
Built simulation snapshot main_behav

****** Webtalk v2016.4 (64-bit)
  **** SW Build 1733598 on Wed Dec 14 22:35:39 MST 2016
  **** IP Build 1731160 on Wed Dec 14 23:47:21 MST 2016
    ** Copyright 1986-2016 Xilinx, Inc. All Rights Reserved.

source C:/Users/Think/Desktop/17.5.9/frequency_meter/frequency_meter.sim/sim_1/behav/xsim.dir/main_behav/webtalk/xsim_webtalk.tcl -notrace
webtalk_transmit: Time (s): cpu = 00:00:00 ; elapsed = 00:00:10 . Memory (MB): peak = 48.938 ; gain = 0.121
INFO: [Common 17-206] Exiting Webtalk at Tue May 09 19:31:19 2017...
run_program: Time (s): cpu = 00:00:01 ; elapsed = 00:00:34 . Memory (MB): peak = 1018.430 ; gain = 0.000
INFO: [USF-XSim-69] 'elaborate' step finished in '34' seconds
INFO: [USF-XSim-4] XSim::Simulate design
INFO: [USF-XSim-61] Executing 'SIMULATE' step in 'C:/Users/Think/Desktop/17.5.9/frequency_meter/frequency_meter.sim/sim_1/behav'
INFO: [USF-XSim-98] *** Running xsim
   with args "main_behav -key {Behavioral:sim_1:Functional:main} -tclbatch {main.tcl} -log {simulate.log}"
INFO: [USF-XSim-8] Loading simulator feature
Vivado Simulator 2016.4
Time resolution is 1 ps
source main.tcl
# set curr_wave [current_wave_config]
# if { [string length $curr_wave] == 0 } {
#   if { [llength [get_objects]] > 0} {
#     add_wave /
#     set_property needs_save false [current_wave_config]
#   } else {
#      send_msg_id Add_Wave-1 WARNING "No top level signals found. Simulator will start without a wave window. If you want to open a wave window go to 'File->New Waveform Configuration' or type 'create_wave_config' in the TCL console."
#   }
# }
# run 1000ns
xsim: Time (s): cpu = 00:00:05 ; elapsed = 00:00:08 . Memory (MB): peak = 1027.703 ; gain = 9.273
INFO: [USF-XSim-96] XSim completed. Design snapshot 'main_behav' loaded.
INFO: [USF-XSim-97] XSim simulation ran for 1000ns
launch_simulation: Time (s): cpu = 00:00:07 ; elapsed = 00:00:48 . Memory (MB): peak = 1027.703 ; gain = 9.273
restart
INFO: [Simtcl 6-17] Simulation restarted
run 720 ns
restart
INFO: [Simtcl 6-17] Simulation restarted
run all
add_wave {{/main/ntl}} 
close_sim
INFO: [Simtcl 6-16] Simulation closed
close_sim: Time (s): cpu = 00:00:02 ; elapsed = 00:00:16 . Memory (MB): peak = 1027.703 ; gain = 0.000
launch_simulation
INFO: [SIM-utils-51] Simulation object is 'sim_1'
INFO: [USF-XSim-37] Inspecting design source files for 'test' in fileset 'sim_1'...
INFO: [USF-XSim-97] Finding global include files...
INFO: [USF-XSim-98] Fetching design files from 'sim_1'...
INFO: [USF-XSim-2] XSim::Compile design
INFO: [USF-XSim-61] Executing 'COMPILE and ANALYZE' step in 'C:/Users/Think/Desktop/17.5.9/frequency_meter/frequency_meter.sim/sim_1/behav'
"xvlog -m64 --relax -prj test_vlog.prj"
INFO: [VRFC 10-2263] Analyzing Verilog file "C:/Users/Think/Desktop/17.5.9/frequency_meter/frequency_meter.srcs/sources_1/new/frequencybcd.v" into library xil_defaultlib
INFO: [VRFC 10-311] analyzing module frequencybcd
INFO: [VRFC 10-2263] Analyzing Verilog file "C:/Users/Think/Desktop/17.5.9/frequency_meter/frequency_meter.srcs/sim_1/new/test.v" into library xil_defaultlib
INFO: [VRFC 10-311] analyzing module test
INFO: [VRFC 10-2263] Analyzing Verilog file "C:/Users/Think/Desktop/17.5.9/frequency_meter/frequency_meter.sim/sim_1/behav/glbl.v" into library xil_defaultlib
INFO: [VRFC 10-311] analyzing module glbl
INFO: [USF-XSim-69] 'compile' step finished in '1' seconds
INFO: [USF-XSim-3] XSim::Elaborate design
INFO: [USF-XSim-61] Executing 'ELABORATE' step in 'C:/Users/Think/Desktop/17.5.9/frequency_meter/frequency_meter.sim/sim_1/behav'
Vivado Simulator 2016.4
Copyright 1986-1999, 2001-2016 Xilinx, Inc. All Rights Reserved.
Running: C:/Xilinx/Vivado/2016.4/bin/unwrapped/win64.o/xelab.exe -wto 4bc802d34af54e218c5411e223dc3e2c --debug typical --relax --mt 2 -L xil_defaultlib -L unisims_ver -L unimacro_ver -L secureip --snapshot test_behav xil_defaultlib.test xil_defaultlib.glbl -log elaborate.log 
Using 2 slave threads.
Starting static elaboration
Completed static elaboration
Starting simulation data flow analysis
Completed simulation data flow analysis
Time Resolution for simulation is 1ps
Compiling module xil_defaultlib.frequencybcd
Compiling module xil_defaultlib.test
Compiling module xil_defaultlib.glbl
Built simulation snapshot test_behav

****** Webtalk v2016.4 (64-bit)
  **** SW Build 1733598 on Wed Dec 14 22:35:39 MST 2016
  **** IP Build 1731160 on Wed Dec 14 23:47:21 MST 2016
    ** Copyright 1986-2016 Xilinx, Inc. All Rights Reserved.

source C:/Users/Think/Desktop/17.5.9/frequency_meter/frequency_meter.sim/sim_1/behav/xsim.dir/test_behav/webtalk/xsim_webtalk.tcl -notrace
INFO: [Common 17-186] 'C:/Users/Think/Desktop/17.5.9/frequency_meter/frequency_meter.sim/sim_1/behav/xsim.dir/test_behav/webtalk/usage_statistics_ext_xsim.xml' has been successfully sent to Xilinx on Tue May 09 19:40:12 2017. For additional details about this file, please refer to the WebTalk help file at C:/Xilinx/Vivado/2016.4/doc/webtalk_introduction.html.
INFO: [Common 17-206] Exiting Webtalk at Tue May 09 19:40:12 2017...
run_program: Time (s): cpu = 00:00:00 ; elapsed = 00:00:07 . Memory (MB): peak = 1027.703 ; gain = 0.000
INFO: [USF-XSim-69] 'elaborate' step finished in '7' seconds
INFO: [USF-XSim-4] XSim::Simulate design
INFO: [USF-XSim-61] Executing 'SIMULATE' step in 'C:/Users/Think/Desktop/17.5.9/frequency_meter/frequency_meter.sim/sim_1/behav'
INFO: [USF-XSim-98] *** Running xsim
   with args "test_behav -key {Behavioral:sim_1:Functional:test} -tclbatch {test.tcl} -log {simulate.log}"
INFO: [USF-XSim-8] Loading simulator feature
Vivado Simulator 2016.4
Time resolution is 1 ps
source test.tcl
# set curr_wave [current_wave_config]
# if { [string length $curr_wave] == 0 } {
#   if { [llength [get_objects]] > 0} {
#     add_wave /
#     set_property needs_save false [current_wave_config]
#   } else {
#      send_msg_id Add_Wave-1 WARNING "No top level signals found. Simulator will start without a wave window. If you want to open a wave window go to 'File->New Waveform Configuration' or type 'create_wave_config' in the TCL console."
#   }
# }
# run 1000ns
INFO: [USF-XSim-96] XSim completed. Design snapshot 'test_behav' loaded.
INFO: [USF-XSim-97] XSim simulation ran for 1000ns
launch_simulation: Time (s): cpu = 00:00:02 ; elapsed = 00:00:11 . Memory (MB): peak = 1027.703 ; gain = 0.000
close_sim
INFO: [Simtcl 6-16] Simulation closed
close_sim: Time (s): cpu = 00:00:01 ; elapsed = 00:00:08 . Memory (MB): peak = 1027.703 ; gain = 0.000
launch_simulation
INFO: [SIM-utils-51] Simulation object is 'sim_1'
INFO: [USF-XSim-37] Inspecting design source files for 'test' in fileset 'sim_1'...
INFO: [USF-XSim-97] Finding global include files...
INFO: [USF-XSim-98] Fetching design files from 'sim_1'...
INFO: [USF-XSim-2] XSim::Compile design
INFO: [USF-XSim-61] Executing 'COMPILE and ANALYZE' step in 'C:/Users/Think/Desktop/17.5.9/frequency_meter/frequency_meter.sim/sim_1/behav'
"xvlog -m64 --relax -prj test_vlog.prj"
INFO: [VRFC 10-2263] Analyzing Verilog file "C:/Users/Think/Desktop/17.5.9/frequency_meter/frequency_meter.srcs/sources_1/new/frequencybcd.v" into library xil_defaultlib
INFO: [VRFC 10-311] analyzing module frequencybcd
INFO: [VRFC 10-2263] Analyzing Verilog file "C:/Users/Think/Desktop/17.5.9/frequency_meter/frequency_meter.srcs/sim_1/new/test.v" into library xil_defaultlib
INFO: [VRFC 10-311] analyzing module test
INFO: [VRFC 10-2263] Analyzing Verilog file "C:/Users/Think/Desktop/17.5.9/frequency_meter/frequency_meter.sim/sim_1/behav/glbl.v" into library xil_defaultlib
INFO: [VRFC 10-311] analyzing module glbl
INFO: [USF-XSim-69] 'compile' step finished in '2' seconds
INFO: [USF-XSim-3] XSim::Elaborate design
INFO: [USF-XSim-61] Executing 'ELABORATE' step in 'C:/Users/Think/Desktop/17.5.9/frequency_meter/frequency_meter.sim/sim_1/behav'
Vivado Simulator 2016.4
Copyright 1986-1999, 2001-2016 Xilinx, Inc. All Rights Reserved.
Running: C:/Xilinx/Vivado/2016.4/bin/unwrapped/win64.o/xelab.exe -wto 4bc802d34af54e218c5411e223dc3e2c --debug typical --relax --mt 2 -L xil_defaultlib -L unisims_ver -L unimacro_ver -L secureip --snapshot test_behav xil_defaultlib.test xil_defaultlib.glbl -log elaborate.log 
Using 2 slave threads.
Starting static elaboration
Completed static elaboration
Starting simulation data flow analysis
Completed simulation data flow analysis
Time Resolution for simulation is 1ps
Compiling module xil_defaultlib.frequencybcd
Compiling module xil_defaultlib.test
Compiling module xil_defaultlib.glbl
Built simulation snapshot test_behav

****** Webtalk v2016.4 (64-bit)
  **** SW Build 1733598 on Wed Dec 14 22:35:39 MST 2016
  **** IP Build 1731160 on Wed Dec 14 23:47:21 MST 2016
    ** Copyright 1986-2016 Xilinx, Inc. All Rights Reserved.

source C:/Users/Think/Desktop/17.5.9/frequency_meter/frequency_meter.sim/sim_1/behav/xsim.dir/test_behav/webtalk/xsim_webtalk.tcl -notrace
INFO: [Common 17-186] 'C:/Users/Think/Desktop/17.5.9/frequency_meter/frequency_meter.sim/sim_1/behav/xsim.dir/test_behav/webtalk/usage_statistics_ext_xsim.xml' has been successfully sent to Xilinx on Tue May 09 19:45:54 2017. For additional details about this file, please refer to the WebTalk help file at C:/Xilinx/Vivado/2016.4/doc/webtalk_introduction.html.
INFO: [Common 17-206] Exiting Webtalk at Tue May 09 19:45:54 2017...
run_program: Time (s): cpu = 00:00:00 ; elapsed = 00:00:13 . Memory (MB): peak = 1027.703 ; gain = 0.000
INFO: [USF-XSim-69] 'elaborate' step finished in '12' seconds
INFO: [USF-XSim-4] XSim::Simulate design
INFO: [USF-XSim-61] Executing 'SIMULATE' step in 'C:/Users/Think/Desktop/17.5.9/frequency_meter/frequency_meter.sim/sim_1/behav'
INFO: [USF-XSim-98] *** Running xsim
   with args "test_behav -key {Behavioral:sim_1:Functional:test} -tclbatch {test.tcl} -log {simulate.log}"
INFO: [USF-XSim-8] Loading simulator feature
Vivado Simulator 2016.4
Time resolution is 1 ps
source test.tcl
# set curr_wave [current_wave_config]
# if { [string length $curr_wave] == 0 } {
#   if { [llength [get_objects]] > 0} {
#     add_wave /
#     set_property needs_save false [current_wave_config]
#   } else {
#      send_msg_id Add_Wave-1 WARNING "No top level signals found. Simulator will start without a wave window. If you want to open a wave window go to 'File->New Waveform Configuration' or type 'create_wave_config' in the TCL console."
#   }
# }
# run 1000ns
INFO: [USF-XSim-96] XSim completed. Design snapshot 'test_behav' loaded.
INFO: [USF-XSim-97] XSim simulation ran for 1000ns
launch_simulation: Time (s): cpu = 00:00:01 ; elapsed = 00:00:17 . Memory (MB): peak = 1027.703 ; gain = 0.000
close_sim
INFO: [Simtcl 6-16] Simulation closed
close_sim: Time (s): cpu = 00:00:01 ; elapsed = 00:00:09 . Memory (MB): peak = 1027.703 ; gain = 0.000
launch_simulation
INFO: [SIM-utils-51] Simulation object is 'sim_1'
INFO: [USF-XSim-37] Inspecting design source files for 'test' in fileset 'sim_1'...
INFO: [USF-XSim-97] Finding global include files...
INFO: [USF-XSim-98] Fetching design files from 'sim_1'...
INFO: [USF-XSim-2] XSim::Compile design
INFO: [USF-XSim-61] Executing 'COMPILE and ANALYZE' step in 'C:/Users/Think/Desktop/17.5.9/frequency_meter/frequency_meter.sim/sim_1/behav'
"xvlog -m64 --relax -prj test_vlog.prj"
INFO: [VRFC 10-2263] Analyzing Verilog file "C:/Users/Think/Desktop/17.5.9/frequency_meter/frequency_meter.srcs/sources_1/new/frequencybcd.v" into library xil_defaultlib
INFO: [VRFC 10-311] analyzing module frequencybcd
INFO: [VRFC 10-2263] Analyzing Verilog file "C:/Users/Think/Desktop/17.5.9/frequency_meter/frequency_meter.srcs/sim_1/new/test.v" into library xil_defaultlib
INFO: [VRFC 10-311] analyzing module test
INFO: [VRFC 10-2263] Analyzing Verilog file "C:/Users/Think/Desktop/17.5.9/frequency_meter/frequency_meter.sim/sim_1/behav/glbl.v" into library xil_defaultlib
INFO: [VRFC 10-311] analyzing module glbl
INFO: [USF-XSim-69] 'compile' step finished in '1' seconds
INFO: [USF-XSim-3] XSim::Elaborate design
INFO: [USF-XSim-61] Executing 'ELABORATE' step in 'C:/Users/Think/Desktop/17.5.9/frequency_meter/frequency_meter.sim/sim_1/behav'
Vivado Simulator 2016.4
Copyright 1986-1999, 2001-2016 Xilinx, Inc. All Rights Reserved.
Running: C:/Xilinx/Vivado/2016.4/bin/unwrapped/win64.o/xelab.exe -wto 4bc802d34af54e218c5411e223dc3e2c --debug typical --relax --mt 2 -L xil_defaultlib -L unisims_ver -L unimacro_ver -L secureip --snapshot test_behav xil_defaultlib.test xil_defaultlib.glbl -log elaborate.log 
Using 2 slave threads.
Starting static elaboration
Completed static elaboration
Starting simulation data flow analysis
Completed simulation data flow analysis
Time Resolution for simulation is 1ps
Compiling module xil_defaultlib.frequencybcd
Compiling module xil_defaultlib.test
Compiling module xil_defaultlib.glbl
Built simulation snapshot test_behav

****** Webtalk v2016.4 (64-bit)
  **** SW Build 1733598 on Wed Dec 14 22:35:39 MST 2016
  **** IP Build 1731160 on Wed Dec 14 23:47:21 MST 2016
    ** Copyright 1986-2016 Xilinx, Inc. All Rights Reserved.

source C:/Users/Think/Desktop/17.5.9/frequency_meter/frequency_meter.sim/sim_1/behav/xsim.dir/test_behav/webtalk/xsim_webtalk.tcl -notrace
INFO: [Common 17-186] 'C:/Users/Think/Desktop/17.5.9/frequency_meter/frequency_meter.sim/sim_1/behav/xsim.dir/test_behav/webtalk/usage_statistics_ext_xsim.xml' has been successfully sent to Xilinx on Tue May 09 19:48:09 2017. For additional details about this file, please refer to the WebTalk help file at C:/Xilinx/Vivado/2016.4/doc/webtalk_introduction.html.
INFO: [Common 17-206] Exiting Webtalk at Tue May 09 19:48:09 2017...
run_program: Time (s): cpu = 00:00:00 ; elapsed = 00:00:13 . Memory (MB): peak = 1027.703 ; gain = 0.000
INFO: [USF-XSim-69] 'elaborate' step finished in '14' seconds
INFO: [USF-XSim-4] XSim::Simulate design
INFO: [USF-XSim-61] Executing 'SIMULATE' step in 'C:/Users/Think/Desktop/17.5.9/frequency_meter/frequency_meter.sim/sim_1/behav'
INFO: [USF-XSim-98] *** Running xsim
   with args "test_behav -key {Behavioral:sim_1:Functional:test} -tclbatch {test.tcl} -log {simulate.log}"
INFO: [USF-XSim-8] Loading simulator feature
Vivado Simulator 2016.4
Time resolution is 1 ps
source test.tcl
# set curr_wave [current_wave_config]
# if { [string length $curr_wave] == 0 } {
#   if { [llength [get_objects]] > 0} {
#     add_wave /
#     set_property needs_save false [current_wave_config]
#   } else {
#      send_msg_id Add_Wave-1 WARNING "No top level signals found. Simulator will start without a wave window. If you want to open a wave window go to 'File->New Waveform Configuration' or type 'create_wave_config' in the TCL console."
#   }
# }
# run 1000ns
INFO: [USF-XSim-96] XSim completed. Design snapshot 'test_behav' loaded.
INFO: [USF-XSim-97] XSim simulation ran for 1000ns
launch_simulation: Time (s): cpu = 00:00:02 ; elapsed = 00:00:17 . Memory (MB): peak = 1027.703 ; gain = 0.000
restart
INFO: [Simtcl 6-17] Simulation restarted
run all
INFO: [Common 17-41] Interrupt caught. Command should exit soon.
run: Time (s): cpu = 00:00:20 ; elapsed = 00:00:32 . Memory (MB): peak = 1028.137 ; gain = 0.000
INFO: [Common 17-344] 'run' was cancelled
close_sim
INFO: [Simtcl 6-16] Simulation closed
close_sim: Time (s): cpu = 00:00:00 ; elapsed = 00:00:12 . Memory (MB): peak = 1028.137 ; gain = 0.000
launch_simulation
INFO: [SIM-utils-51] Simulation object is 'sim_1'
INFO: [USF-XSim-37] Inspecting design source files for 'test' in fileset 'sim_1'...
INFO: [USF-XSim-97] Finding global include files...
INFO: [USF-XSim-98] Fetching design files from 'sim_1'...
INFO: [USF-XSim-2] XSim::Compile design
INFO: [USF-XSim-61] Executing 'COMPILE and ANALYZE' step in 'C:/Users/Think/Desktop/17.5.9/frequency_meter/frequency_meter.sim/sim_1/behav'
"xvlog -m64 --relax -prj test_vlog.prj"
INFO: [VRFC 10-2263] Analyzing Verilog file "C:/Users/Think/Desktop/17.5.9/frequency_meter/frequency_meter.srcs/sources_1/new/frequencybcd.v" into library xil_defaultlib
INFO: [VRFC 10-311] analyzing module frequencybcd
INFO: [VRFC 10-2263] Analyzing Verilog file "C:/Users/Think/Desktop/17.5.9/frequency_meter/frequency_meter.srcs/sim_1/new/test.v" into library xil_defaultlib
INFO: [VRFC 10-311] analyzing module test
INFO: [VRFC 10-2263] Analyzing Verilog file "C:/Users/Think/Desktop/17.5.9/frequency_meter/frequency_meter.sim/sim_1/behav/glbl.v" into library xil_defaultlib
INFO: [VRFC 10-311] analyzing module glbl
INFO: [USF-XSim-69] 'compile' step finished in '2' seconds
INFO: [USF-XSim-3] XSim::Elaborate design
INFO: [USF-XSim-61] Executing 'ELABORATE' step in 'C:/Users/Think/Desktop/17.5.9/frequency_meter/frequency_meter.sim/sim_1/behav'
Vivado Simulator 2016.4
Copyright 1986-1999, 2001-2016 Xilinx, Inc. All Rights Reserved.
Running: C:/Xilinx/Vivado/2016.4/bin/unwrapped/win64.o/xelab.exe -wto 4bc802d34af54e218c5411e223dc3e2c --debug typical --relax --mt 2 -L xil_defaultlib -L unisims_ver -L unimacro_ver -L secureip --snapshot test_behav xil_defaultlib.test xil_defaultlib.glbl -log elaborate.log 
Using 2 slave threads.
Starting static elaboration
Completed static elaboration
Starting simulation data flow analysis
Completed simulation data flow analysis
Time Resolution for simulation is 1ps
Compiling module xil_defaultlib.frequencybcd
Compiling module xil_defaultlib.test
Compiling module xil_defaultlib.glbl
Built simulation snapshot test_behav

****** Webtalk v2016.4 (64-bit)
  **** SW Build 1733598 on Wed Dec 14 22:35:39 MST 2016
  **** IP Build 1731160 on Wed Dec 14 23:47:21 MST 2016
    ** Copyright 1986-2016 Xilinx, Inc. All Rights Reserved.

source C:/Users/Think/Desktop/17.5.9/frequency_meter/frequency_meter.sim/sim_1/behav/xsim.dir/test_behav/webtalk/xsim_webtalk.tcl -notrace
INFO: [Common 17-186] 'C:/Users/Think/Desktop/17.5.9/frequency_meter/frequency_meter.sim/sim_1/behav/xsim.dir/test_behav/webtalk/usage_statistics_ext_xsim.xml' has been successfully sent to Xilinx on Tue May 09 20:17:15 2017. For additional details about this file, please refer to the WebTalk help file at C:/Xilinx/Vivado/2016.4/doc/webtalk_introduction.html.
INFO: [Common 17-206] Exiting Webtalk at Tue May 09 20:17:15 2017...
run_program: Time (s): cpu = 00:00:00 ; elapsed = 00:00:09 . Memory (MB): peak = 1028.137 ; gain = 0.000
INFO: [USF-XSim-69] 'elaborate' step finished in '8' seconds
INFO: [USF-XSim-4] XSim::Simulate design
INFO: [USF-XSim-61] Executing 'SIMULATE' step in 'C:/Users/Think/Desktop/17.5.9/frequency_meter/frequency_meter.sim/sim_1/behav'
INFO: [USF-XSim-98] *** Running xsim
   with args "test_behav -key {Behavioral:sim_1:Functional:test} -tclbatch {test.tcl} -log {simulate.log}"
INFO: [USF-XSim-8] Loading simulator feature
Vivado Simulator 2016.4
Time resolution is 1 ps
source test.tcl
# set curr_wave [current_wave_config]
# if { [string length $curr_wave] == 0 } {
#   if { [llength [get_objects]] > 0} {
#     add_wave /
#     set_property needs_save false [current_wave_config]
#   } else {
#      send_msg_id Add_Wave-1 WARNING "No top level signals found. Simulator will start without a wave window. If you want to open a wave window go to 'File->New Waveform Configuration' or type 'create_wave_config' in the TCL console."
#   }
# }
# run 1000ns
INFO: [USF-XSim-96] XSim completed. Design snapshot 'test_behav' loaded.
INFO: [USF-XSim-97] XSim simulation ran for 1000ns
launch_simulation: Time (s): cpu = 00:00:01 ; elapsed = 00:00:13 . Memory (MB): peak = 1028.137 ; gain = 0.000
restart
INFO: [Simtcl 6-17] Simulation restarted
run all
INFO: [Common 17-41] Interrupt caught. Command should exit soon.
run: Time (s): cpu = 00:00:09 ; elapsed = 00:00:15 . Memory (MB): peak = 1028.137 ; gain = 0.000
INFO: [Common 17-344] 'run' was cancelled
restart
INFO: [Simtcl 6-17] Simulation restarted
run all
INFO: [Common 17-41] Interrupt caught. Command should exit soon.
run: Time (s): cpu = 00:00:14 ; elapsed = 00:00:23 . Memory (MB): peak = 1028.137 ; gain = 0.000
INFO: [Common 17-344] 'run' was cancelled
restart
INFO: [Simtcl 6-17] Simulation restarted
run all
INFO: [Common 17-41] Interrupt caught. Command should exit soon.
INFO: [Common 17-344] 'run' was cancelled
restart
INFO: [Simtcl 6-17] Simulation restarted
run 100 ns
restart
INFO: [Simtcl 6-17] Simulation restarted
run 100 us
close_sim
INFO: [Simtcl 6-16] Simulation closed
close_sim: Time (s): cpu = 00:00:01 ; elapsed = 00:00:08 . Memory (MB): peak = 1028.176 ; gain = 0.000
launch_simulation
INFO: [SIM-utils-51] Simulation object is 'sim_1'
INFO: [USF-XSim-37] Inspecting design source files for 'test' in fileset 'sim_1'...
INFO: [USF-XSim-97] Finding global include files...
INFO: [USF-XSim-98] Fetching design files from 'sim_1'...
INFO: [USF-XSim-2] XSim::Compile design
INFO: [USF-XSim-61] Executing 'COMPILE and ANALYZE' step in 'C:/Users/Think/Desktop/17.5.9/frequency_meter/frequency_meter.sim/sim_1/behav'
"xvlog -m64 --relax -prj test_vlog.prj"
INFO: [VRFC 10-2263] Analyzing Verilog file "C:/Users/Think/Desktop/17.5.9/frequency_meter/frequency_meter.srcs/sources_1/new/frequencybcd.v" into library xil_defaultlib
INFO: [VRFC 10-311] analyzing module frequencybcd
INFO: [VRFC 10-2263] Analyzing Verilog file "C:/Users/Think/Desktop/17.5.9/frequency_meter/frequency_meter.srcs/sim_1/new/test.v" into library xil_defaultlib
INFO: [VRFC 10-311] analyzing module test
INFO: [VRFC 10-2263] Analyzing Verilog file "C:/Users/Think/Desktop/17.5.9/frequency_meter/frequency_meter.sim/sim_1/behav/glbl.v" into library xil_defaultlib
INFO: [VRFC 10-311] analyzing module glbl
INFO: [USF-XSim-69] 'compile' step finished in '2' seconds
INFO: [USF-XSim-3] XSim::Elaborate design
INFO: [USF-XSim-61] Executing 'ELABORATE' step in 'C:/Users/Think/Desktop/17.5.9/frequency_meter/frequency_meter.sim/sim_1/behav'
Vivado Simulator 2016.4
Copyright 1986-1999, 2001-2016 Xilinx, Inc. All Rights Reserved.
Running: C:/Xilinx/Vivado/2016.4/bin/unwrapped/win64.o/xelab.exe -wto 4bc802d34af54e218c5411e223dc3e2c --debug typical --relax --mt 2 -L xil_defaultlib -L unisims_ver -L unimacro_ver -L secureip --snapshot test_behav xil_defaultlib.test xil_defaultlib.glbl -log elaborate.log 
Using 2 slave threads.
Starting static elaboration
Completed static elaboration
Starting simulation data flow analysis
Completed simulation data flow analysis
Time Resolution for simulation is 1ps
Compiling module xil_defaultlib.frequencybcd
Compiling module xil_defaultlib.test
Compiling module xil_defaultlib.glbl
Built simulation snapshot test_behav

****** Webtalk v2016.4 (64-bit)
  **** SW Build 1733598 on Wed Dec 14 22:35:39 MST 2016
  **** IP Build 1731160 on Wed Dec 14 23:47:21 MST 2016
    ** Copyright 1986-2016 Xilinx, Inc. All Rights Reserved.

source C:/Users/Think/Desktop/17.5.9/frequency_meter/frequency_meter.sim/sim_1/behav/xsim.dir/test_behav/webtalk/xsim_webtalk.tcl -notrace
INFO: [Common 17-186] 'C:/Users/Think/Desktop/17.5.9/frequency_meter/frequency_meter.sim/sim_1/behav/xsim.dir/test_behav/webtalk/usage_statistics_ext_xsim.xml' has been successfully sent to Xilinx on Tue May 09 20:21:01 2017. For additional details about this file, please refer to the WebTalk help file at C:/Xilinx/Vivado/2016.4/doc/webtalk_introduction.html.
INFO: [Common 17-206] Exiting Webtalk at Tue May 09 20:21:01 2017...
run_program: Time (s): cpu = 00:00:01 ; elapsed = 00:00:08 . Memory (MB): peak = 1028.176 ; gain = 0.000
INFO: [USF-XSim-69] 'elaborate' step finished in '8' seconds
INFO: [USF-XSim-4] XSim::Simulate design
INFO: [USF-XSim-61] Executing 'SIMULATE' step in 'C:/Users/Think/Desktop/17.5.9/frequency_meter/frequency_meter.sim/sim_1/behav'
INFO: [USF-XSim-98] *** Running xsim
   with args "test_behav -key {Behavioral:sim_1:Functional:test} -tclbatch {test.tcl} -log {simulate.log}"
INFO: [USF-XSim-8] Loading simulator feature
Vivado Simulator 2016.4
Time resolution is 1 ps
source test.tcl
# set curr_wave [current_wave_config]
# if { [string length $curr_wave] == 0 } {
#   if { [llength [get_objects]] > 0} {
#     add_wave /
#     set_property needs_save false [current_wave_config]
#   } else {
#      send_msg_id Add_Wave-1 WARNING "No top level signals found. Simulator will start without a wave window. If you want to open a wave window go to 'File->New Waveform Configuration' or type 'create_wave_config' in the TCL console."
#   }
# }
# run 1000ns
INFO: [USF-XSim-96] XSim completed. Design snapshot 'test_behav' loaded.
INFO: [USF-XSim-97] XSim simulation ran for 1000ns
launch_simulation: Time (s): cpu = 00:00:02 ; elapsed = 00:00:12 . Memory (MB): peak = 1028.176 ; gain = 0.000
run 100 us
close_sim
INFO: [Simtcl 6-16] Simulation closed
close_sim: Time (s): cpu = 00:00:01 ; elapsed = 00:00:09 . Memory (MB): peak = 1028.176 ; gain = 0.000
reset_run synth_1
launch_runs impl_1 -to_step write_bitstream -jobs 4
[Tue May 09 20:23:31 2017] Launched synth_1...
Run output will be captured here: C:/Users/Think/Desktop/17.5.9/frequency_meter/frequency_meter.runs/synth_1/runme.log
[Tue May 09 20:23:31 2017] Launched impl_1...
Run output will be captured here: C:/Users/Think/Desktop/17.5.9/frequency_meter/frequency_meter.runs/impl_1/runme.log
reset_run impl_1 -prev_step 
reset_run synth_1
launch_runs impl_1 -to_step write_bitstream -jobs 4
[Tue May 09 20:26:02 2017] Launched synth_1...
Run output will be captured here: C:/Users/Think/Desktop/17.5.9/frequency_meter/frequency_meter.runs/synth_1/runme.log
[Tue May 09 20:26:02 2017] Launched impl_1...
Run output will be captured here: C:/Users/Think/Desktop/17.5.9/frequency_meter/frequency_meter.runs/impl_1/runme.log
exit
INFO: [Common 17-206] Exiting Vivado at Tue May 09 20:34:17 2017...
